<?xml version="1.0" encoding="UTF-8"?>
<!-- Generated by org.testng.reporters.JUnitReportReporter -->
<testsuite hostname="LCASDSRMORA" failures="0" tests="3" name="backgroundCheck.e2e.TC00001_TC00010_verifyFormsRequiredInputs" time="148.885" errors="0" timestamp="2020-07-11T01:03:36 PDT" skipped="0">
  <testcase classname="backgroundCheck.e2e.TC00001_TC00010_verifyFormsRequiredInputs" name="verifyFormRequiredInputs" time="39.816"/>
  <system-out/>
  <testcase classname="backgroundCheck.e2e.TC00001_TC00010_verifyFormsRequiredInputs" name="verifyFormRequiredInputs" time="53.490"/>
  <system-out/>
  <testcase classname="backgroundCheck.e2e.TC00001_TC00010_verifyFormsRequiredInputs" name="verifyFormRequiredInputs" time="55.579"/>
  <system-out/>
</testsuite> <!-- backgroundCheck.e2e.TC00001_TC00010_verifyFormsRequiredInputs -->
