<?xml version="1.0" encoding="UTF-8"?>
<!-- Generated by org.testng.reporters.JUnitReportReporter -->
<testsuite hostname="LCASDSRMORA" failures="0" tests="1" name="backgroundCheck.formsValidations.TC00001_TC00010_verifyFormsRequiredInputs" time="36.326" errors="0" timestamp="2020-07-09T17:24:40 PDT" skipped="0">
  <testcase classname="backgroundCheck.formsValidations.TC00001_TC00010_verifyFormsRequiredInputs" name="verifyFormRequiredInputs" time="36.326"/>
  <system-out/>
</testsuite> <!-- backgroundCheck.formsValidations.TC00001_TC00010_verifyFormsRequiredInputs -->
