<?xml version="1.0" encoding="UTF-8"?>
<!-- Generated by org.testng.reporters.JUnitReportReporter -->
<testsuite hostname="LCASDSRMORA" failures="0" tests="3" name="backgroundCheck.feature.e2e.TC00004_TC000010_verifyInformationPageRequiredInputs" time="85.597" errors="0" timestamp="2020-07-11T16:45:11 PDT" skipped="0">
  <testcase classname="backgroundCheck.feature.e2e.TC00004_TC000010_verifyInformationPageRequiredInputs" name="verifyFormRequiredInputs" time="28.505"/>
  <system-out/>
  <testcase classname="backgroundCheck.feature.e2e.TC00004_TC000010_verifyInformationPageRequiredInputs" name="verifyFormRequiredInputs" time="28.552"/>
  <system-out/>
  <testcase classname="backgroundCheck.feature.e2e.TC00004_TC000010_verifyInformationPageRequiredInputs" name="verifyFormRequiredInputs" time="28.540"/>
  <system-out/>
</testsuite> <!-- backgroundCheck.feature.e2e.TC00004_TC000010_verifyInformationPageRequiredInputs -->
