<?xml version="1.0" encoding="UTF-8"?>
<!-- Generated by org.testng.reporters.JUnitReportReporter -->
<testsuite hostname="LCASDSRMORA" failures="0" tests="1" name="backGround.formsValidations.TC00001_TC00010_verifyFormsRequiredInputs" time="5.082" errors="0" timestamp="2020-07-08T17:52:20 PDT" skipped="0">
  <testcase classname="backGround.formsValidations.TC00001_TC00010_verifyFormsRequiredInputs" name="verifyFormRequiredInputs" time="5.082"/>
  <system-out/>
</testsuite> <!-- backGround.formsValidations.TC00001_TC00010_verifyFormsRequiredInputs -->
